Flow report for DE2_i2sound
Sun Mar 04 18:56:38 2018
Quartus II 64-Bit Version 13.0.0 Build 156 04/24/2013 SJ Web Edition


---------------------
; Table of Contents ;
---------------------
  1. Legal Notice
  2. Flow Summary
  3. Flow Settings
  4. Flow Non-Default Global Settings
  5. Flow Elapsed Time
  6. Flow OS Summary
  7. Flow Log
  8. Flow Messages
  9. Flow Suppressed Messages



----------------
; Legal Notice ;
----------------
Copyright (C) 1991-2013 Altera Corporation
Your use of Altera Corporation's design tools, logic functions 
and other software and tools, and its AMPP partner logic 
functions, and any output files from any of the foregoing 
(including device programming or simulation files), and any 
associated documentation or information are expressly subject 
to the terms and conditions of the Altera Program License 
Subscription Agreement, Altera MegaCore Function License 
Agreement, or other applicable license agreement, including, 
without limitation, that your use is for the sole purpose of 
programming logic devices manufactured by Altera and sold by 
Altera or its authorized distributors.  Please refer to the 
applicable agreement for further details.



+---------------------------------------------------------------------------------+
; Flow Summary                                                                    ;
+------------------------------------+--------------------------------------------+
; Flow Status                        ; Successful - Sun Mar 04 18:56:22 2018      ;
; Quartus II 64-Bit Version          ; 13.0.0 Build 156 04/24/2013 SJ Web Edition ;
; Revision Name                      ; DE2_i2sound                                ;
; Top-level Entity Name              ; system                                     ;
; Family                             ; Cyclone II                                 ;
; Device                             ; EP2C35F672C8                               ;
; Timing Models                      ; Final                                      ;
; Total logic elements               ; 8,317 / 33,216 ( 25 % )                    ;
;     Total combinational functions  ; 8,087 / 33,216 ( 24 % )                    ;
;     Dedicated logic registers      ; 1,153 / 33,216 ( 3 % )                     ;
; Total registers                    ; 1153                                       ;
; Total pins                         ; 13 / 475 ( 3 % )                           ;
; Total virtual pins                 ; 0                                          ;
; Total memory bits                  ; 23,520 / 483,840 ( 5 % )                   ;
; Embedded Multiplier 9-bit elements ; 70 / 70 ( 100 % )                          ;
; Total PLLs                         ; 0 / 4 ( 0 % )                              ;
+------------------------------------+--------------------------------------------+


+-----------------------------------------+
; Flow Settings                           ;
+-------------------+---------------------+
; Option            ; Setting             ;
+-------------------+---------------------+
; Start date & time ; 03/04/2018 18:50:15 ;
; Main task         ; Compilation         ;
; Revision Name     ; DE2_i2sound         ;
+-------------------+---------------------+


+------------------------------------------------------------------------------------------------------------------------+
; Flow Non-Default Global Settings                                                                                       ;
+-------------------------------------+---------------------------------------+---------------+-------------+------------+
; Assignment Name                     ; Value                                 ; Default Value ; Entity Name ; Section Id ;
+-------------------------------------+---------------------------------------+---------------+-------------+------------+
; COMPILER_SIGNATURE_ID               ; 66692968623566.152020741515464        ; --            ; --          ; --         ;
; ENABLE_SIGNALTAP                    ; Off                                   ; --            ; --          ; --         ;
; IP_TOOL_NAME                        ; LPM_MULT                              ; --            ; --          ; --         ;
; IP_TOOL_NAME                        ; Shift register (RAM-based)            ; --            ; --          ; --         ;
; IP_TOOL_VERSION                     ; 13.0                                  ; --            ; --          ; --         ;
; IP_TOOL_VERSION                     ; 13.0                                  ; --            ; --          ; --         ;
; MAX_CORE_JUNCTION_TEMP              ; 85                                    ; --            ; --          ; --         ;
; MIN_CORE_JUNCTION_TEMP              ; 0                                     ; --            ; --          ; --         ;
; PARTITION_COLOR                     ; 16764057                              ; --            ; system      ; Top        ;
; PARTITION_FITTER_PRESERVATION_LEVEL ; PLACEMENT_AND_ROUTING                 ; --            ; system      ; Top        ;
; PARTITION_NETLIST_TYPE              ; SOURCE                                ; --            ; system      ; Top        ;
; POWER_BOARD_THERMAL_MODEL           ; None (CONSERVATIVE)                   ; --            ; --          ; --         ;
; POWER_PRESET_COOLING_SOLUTION       ; 23 MM HEAT SINK WITH 200 LFPM AIRFLOW ; --            ; --          ; --         ;
; TOP_LEVEL_ENTITY                    ; system                                ; DE2_i2sound   ; --          ; --         ;
; USE_SIGNALTAP_FILE                  ; stp1.stp                              ; --            ; --          ; --         ;
+-------------------------------------+---------------------------------------+---------------+-------------+------------+


+-------------------------------------------------------------------------------------------------------------------------------+
; Flow Elapsed Time                                                                                                             ;
+---------------------------+--------------+-------------------------+---------------------+------------------------------------+
; Module Name               ; Elapsed Time ; Average Processors Used ; Peak Virtual Memory ; Total CPU Time (on all processors) ;
+---------------------------+--------------+-------------------------+---------------------+------------------------------------+
; Analysis & Synthesis      ; 00:01:14     ; 1.0                     ; 537 MB              ; 00:00:42                           ;
; Fitter                    ; 00:04:19     ; 1.0                     ; 796 MB              ; 00:03:44                           ;
; Assembler                 ; 00:00:08     ; 1.0                     ; 468 MB              ; 00:00:05                           ;
; TimeQuest Timing Analyzer ; 00:00:13     ; 1.0                     ; 514 MB              ; 00:00:08                           ;
; Total                     ; 00:05:54     ; --                      ; --                  ; 00:04:39                           ;
+---------------------------+--------------+-------------------------+---------------------+------------------------------------+


+----------------------------------------------------------------------------------------+
; Flow OS Summary                                                                        ;
+---------------------------+------------------+-----------+------------+----------------+
; Module Name               ; Machine Hostname ; OS Name   ; OS Version ; Processor type ;
+---------------------------+------------------+-----------+------------+----------------+
; Analysis & Synthesis      ; Ricardo          ; Windows 7 ; 6.2        ; x86_64         ;
; Fitter                    ; Ricardo          ; Windows 7 ; 6.2        ; x86_64         ;
; Assembler                 ; Ricardo          ; Windows 7 ; 6.2        ; x86_64         ;
; TimeQuest Timing Analyzer ; Ricardo          ; Windows 7 ; 6.2        ; x86_64         ;
+---------------------------+------------------+-----------+------------+----------------+


------------
; Flow Log ;
------------
quartus_map --read_settings_files=on --write_settings_files=off DE2_i2sound -c DE2_i2sound
quartus_fit --read_settings_files=off --write_settings_files=off DE2_i2sound -c DE2_i2sound
quartus_asm --read_settings_files=off --write_settings_files=off DE2_i2sound -c DE2_i2sound
quartus_sta DE2_i2sound -c DE2_i2sound



